<?xml version="1.0" encoding="UTF-8"?>
<!-- Generated by org.testng.reporters.JUnitReportReporter -->
<testsuite hostname="sachin-PC" name="com.test.testcases.RegstrationPageTest" tests="1" failures="0" timestamp="22 May 2018 17:22:13 GMT" time="40.117" errors="0">
  <testcase name="registration_With_InvalidData" time="40.117" classname="com.test.testcases.RegstrationPageTest"/>
</testsuite> <!-- com.test.testcases.RegstrationPageTest -->
