<?xml version="1.0" encoding="UTF-8"?>
<!-- Generated by org.testng.reporters.JUnitReportReporter -->
<testsuite hostname="sachin-PC" name="com.test.testcases.VerifyLogin" tests="1" failures="0" timestamp="11 Apr 2018 03:45:59 GMT" time="8.470" errors="0">
  <testcase name="login" time="8.470" classname="com.test.testcases.VerifyLogin"/>
</testsuite> <!-- com.test.testcases.VerifyLogin -->
