<?xml version="1.0" encoding="UTF-8"?>
<!-- Generated by org.testng.reporters.JUnitReportReporter -->
<testsuite hostname="sachin-PC" name="com.test.testcases.RegstrationPageTest" tests="3" failures="0" timestamp="25 Nov 2018 04:54:00 GMT" time="75.718" errors="0">
  <testcase name="registration_with_Excel_Data" time="27.001" classname="com.test.testcases.RegstrationPageTest"/>
  <testcase name="registration_With_InvalidData" time="20.062" classname="com.test.testcases.RegstrationPageTest"/>
  <testcase name="registration_with_Excel_Data" time="28.655" classname="com.test.testcases.RegstrationPageTest"/>
</testsuite> <!-- com.test.testcases.RegstrationPageTest -->
