<?xml version="1.0" encoding="UTF-8"?>
<!-- Generated by org.testng.reporters.JUnitReportReporter -->
<testsuite hostname="sachin-PC" name="com.test.testcases.LoginPageTest" tests="2" failures="0" timestamp="26 Apr 2018 12:16:53 GMT" time="47.364" errors="0">
  <testcase name="login_Data_From_Excel" time="24.777" classname="com.test.testcases.LoginPageTest"/>
  <testcase name="login_Data_From_Excel" time="22.587" classname="com.test.testcases.LoginPageTest"/>
</testsuite> <!-- com.test.testcases.LoginPageTest -->
