<?xml version="1.0" encoding="UTF-8"?>
<!-- Generated by org.testng.reporters.JUnitReportReporter -->
<testsuite hostname="sachin-PC" name="com.test.testcases.LoginPageTest" tests="2" failures="0" timestamp="25 Nov 2018 04:51:00 GMT" time="63.538" errors="0">
  <testcase name="login_Data_From_Excel" time="29.521" classname="com.test.testcases.LoginPageTest"/>
  <testcase name="login_Data_From_Excel" time="34.017" classname="com.test.testcases.LoginPageTest"/>
</testsuite> <!-- com.test.testcases.LoginPageTest -->
