<?xml version="1.0" encoding="UTF-8"?>
<!-- Generated by org.testng.reporters.JUnitReportReporter -->
<testsuite hostname="sachin-PC" name="com.test.testcases.LoginPageTest" tests="2" failures="0" timestamp="11 Oct 2018 14:54:52 GMT" time="130.526" errors="0">
  <testcase name="login_Data_From_Excel" time="76.229" classname="com.test.testcases.LoginPageTest"/>
  <testcase name="login_Data_From_Excel" time="54.297" classname="com.test.testcases.LoginPageTest"/>
</testsuite> <!-- com.test.testcases.LoginPageTest -->
